<?xml version="1.0" encoding="UTF-8"?>
<testng-results ignored="0" total="1" passed="1" failed="0" skipped="0">
  <reporter-output>
  </reporter-output>
  <suite started-at="2023-01-04T06:51:41Z" name="Default suite" finished-at="2023-01-04T06:51:55Z" duration-ms="13714">
    <groups>
    </groups>
    <test started-at="2023-01-04T06:51:41Z" name="Default test" finished-at="2023-01-04T06:51:55Z" duration-ms="13714">
      <class name="data.PomBaseClass">
        <test-method signature="m1()[pri:0, instance:data.PomBaseClass@4d1c005e]" started-at="2023-01-04T12:21:41Z" name="m1" finished-at="2023-01-04T12:21:55Z" duration-ms="13680" status="PASS">
          <reporter-output>
          </reporter-output>
        </test-method> <!-- m1 -->
      </class> <!-- data.PomBaseClass -->
    </test> <!-- Default test -->
  </suite> <!-- Default suite -->
</testng-results>
